<?xml version="1.0" encoding="UTF-8"?>
<!-- Generated by org.testng.reporters.JUnitXMLReporter -->
<testsuite ignored="6" hostname="DESKTOP-1Q7D8OU" failures="0" tests="3" name="ContactDetails" time="78.315" errors="0" timestamp="2022-04-01T16:14:38 IST">
  <testcase classname="testClassPkg.TestMyInfoModule" name="loginToApplication" time="17.052"/>
  <testcase classname="testClassPkg.TestMyInfoModule" name="contactDetailsForm" time="29.022"/>
  <testcase classname="testClassPkg.TestMyInfoModule" name="contactDetailsForm" time="22.217"/>
  <testcase classname="testClassPkg.TestLoginPage" name="invalidLoginPage" time="0.0">
    <ignored/>
  </testcase> <!-- invalidLoginPage -->
  <testcase classname="testClassPkg.TestMyInfoModule" name="DependentForm" time="0.0">
    <ignored/>
  </testcase> <!-- DependentForm -->
  <testcase classname="testClassPkg.TestLoginPage" name="loginPage" time="0.0">
    <ignored/>
  </testcase> <!-- loginPage -->
  <testcase classname="testClassPkg.TestMyInfoModule" name="SocialMediaForm" time="0.0">
    <ignored/>
  </testcase> <!-- SocialMediaForm -->
  <testcase classname="testClassPkg.TestMyInfoModule" name="personalDetailsform" time="0.0">
    <ignored/>
  </testcase> <!-- personalDetailsform -->
  <testcase classname="testClassPkg.TestMyInfoModule" name="EmergencyContactForm" time="0.0">
    <ignored/>
  </testcase> <!-- EmergencyContactForm -->
</testsuite> <!-- ContactDetails -->
