<?xml version="1.0" encoding="UTF-8"?>
<!-- Generated by org.testng.reporters.JUnitXMLReporter -->
<testsuite ignored="0" hostname="DESKTOP-1Q7D8OU" failures="0" tests="5" name="LoginPage" time="119.169" errors="0" timestamp="2022-03-24T18:21:54 IST">
  <testcase classname="testClassPkg.TestLoginPage" name="loginPage" time="12.412"/>
  <testcase classname="testClassPkg.TestLoginPage" name="loginPage" time="6.656"/>
  <testcase classname="testClassPkg.TestLoginPage" name="invalidLoginPage" time="7.274"/>
  <testcase classname="testClassPkg.TestLoginPage" name="invalidLoginPage" time="36.192"/>
  <testcase classname="testClassPkg.TestLoginPage" name="invalidLoginPage" time="35.865"/>
</testsuite> <!-- LoginPage -->
