<?xml version="1.0" encoding="UTF-8"?>
<!-- Generated by org.testng.reporters.JUnitXMLReporter -->
<testsuite ignored="0" hostname="DESKTOP-1Q7D8OU" failures="0" tests="5" name="valid and Invalid Credentials" time="46.06" errors="0" timestamp="2022-04-01T16:12:46 IST">
  <testcase classname="testClassPkg.TestLoginPage" name="loginPage" time="15.868"/>
  <testcase classname="testClassPkg.TestLoginPage" name="loginPage" time="6.938"/>
  <testcase classname="testClassPkg.TestLoginPage" name="invalidLoginPage" time="6.596"/>
  <testcase classname="testClassPkg.TestLoginPage" name="invalidLoginPage" time="4.701"/>
  <testcase classname="testClassPkg.TestLoginPage" name="invalidLoginPage" time="4.228"/>
</testsuite> <!-- valid and Invalid Credentials -->
