<?xml version="1.0" encoding="UTF-8"?>
<!-- Generated by org.testng.reporters.JUnitXMLReporter -->
<testsuite ignored="0" hostname="DESKTOP-SO8S6QD" failures="0" tests="5" name="Default test" time="36.296" errors="0" timestamp="2023-07-25T13:10:50 IST">
  <testcase classname="testClassPkg.TestLoginPage" name="loginPage" time="4.714"/>
  <testcase classname="testClassPkg.TestLoginPage" name="loginPage" time="3.677"/>
  <testcase classname="testClassPkg.TestLoginPage" name="invalidLoginPage" time="3.159"/>
  <testcase classname="testClassPkg.TestLoginPage" name="invalidLoginPage" time="3.298"/>
  <testcase classname="testClassPkg.TestLoginPage" name="invalidLoginPage" time="3.735"/>
</testsuite> <!-- Default test -->
