<?xml version="1.0" encoding="UTF-8"?>
<testng-results ignored="0" total="5" passed="5" failed="0" skipped="0">
  <reporter-output>
  </reporter-output>
  <suite started-at="2023-07-25T13:10:13 IST" name="Default suite" finished-at="2023-07-25T13:10:50 IST" duration-ms="36296">
    <groups>
    </groups>
    <test started-at="2023-07-25T13:10:13 IST" name="Default test" finished-at="2023-07-25T13:10:50 IST" duration-ms="36296">
      <class name="testClassPkg.TestLoginPage">
        <test-method is-config="true" signature="LaunchBrowser()[pri:0, instance:testClassPkg.TestLoginPage@7e057f43]" started-at="2023-07-25T13:10:13 IST" name="LaunchBrowser" finished-at="2023-07-25T13:10:27 IST" duration-ms="13444" status="PASS">
          <reporter-output>
          </reporter-output>
        </test-method> <!-- LaunchBrowser -->
        <test-method signature="loginPage(java.lang.String,java.lang.String)[pri:0, instance:testClassPkg.TestLoginPage@7e057f43]" started-at="2023-07-25T13:10:28 IST" name="loginPage" data-provider="Login" finished-at="2023-07-25T13:10:33 IST" duration-ms="4714" status="PASS">
          <params>
            <param index="0">
              <value>
                <![CDATA[Admin]]>
              </value>
            </param>
            <param index="1">
              <value>
                <![CDATA[admin123]]>
              </value>
            </param>
          </params>
          <reporter-output>
          </reporter-output>
        </test-method> <!-- loginPage -->
        <test-method signature="loginPage(java.lang.String,java.lang.String)[pri:0, instance:testClassPkg.TestLoginPage@7e057f43]" started-at="2023-07-25T13:10:34 IST" name="loginPage" data-provider="Login" finished-at="2023-07-25T13:10:37 IST" duration-ms="3677" status="PASS">
          <params>
            <param index="0">
              <value>
                <![CDATA[Admin]]>
              </value>
            </param>
            <param index="1">
              <value>
                <![CDATA[admin123]]>
              </value>
            </param>
          </params>
          <reporter-output>
          </reporter-output>
        </test-method> <!-- loginPage -->
        <test-method signature="invalidLoginPage(java.lang.String,java.lang.String)[pri:0, instance:testClassPkg.TestLoginPage@7e057f43]" started-at="2023-07-25T13:10:38 IST" name="invalidLoginPage" data-provider="InvalidLogin" finished-at="2023-07-25T13:10:41 IST" depends-on-methods="testClassPkg.TestLoginPage.loginPage" duration-ms="3159" status="PASS">
          <params>
            <param index="0">
              <value>
                <![CDATA[adam]]>
              </value>
            </param>
            <param index="1">
              <value>
                <![CDATA[Uy@1Ou4WbC]]>
              </value>
            </param>
          </params>
          <reporter-output>
          </reporter-output>
        </test-method> <!-- invalidLoginPage -->
        <test-method signature="invalidLoginPage(java.lang.String,java.lang.String)[pri:0, instance:testClassPkg.TestLoginPage@7e057f43]" started-at="2023-07-25T13:10:41 IST" name="invalidLoginPage" data-provider="InvalidLogin" finished-at="2023-07-25T13:10:44 IST" depends-on-methods="testClassPkg.TestLoginPage.loginPage" duration-ms="3298" status="PASS">
          <params>
            <param index="0">
              <value>
                <![CDATA[george.tofari]]>
              </value>
            </param>
            <param index="1">
              <value>
                <![CDATA[admin]]>
              </value>
            </param>
          </params>
          <reporter-output>
          </reporter-output>
        </test-method> <!-- invalidLoginPage -->
        <test-method signature="invalidLoginPage(java.lang.String,java.lang.String)[pri:0, instance:testClassPkg.TestLoginPage@7e057f43]" started-at="2023-07-25T13:10:45 IST" name="invalidLoginPage" data-provider="InvalidLogin" finished-at="2023-07-25T13:10:48 IST" depends-on-methods="testClassPkg.TestLoginPage.loginPage" duration-ms="3735" status="PASS">
          <params>
            <param index="0">
              <value>
                <![CDATA[adam]]>
              </value>
            </param>
            <param index="1">
              <value>
                <![CDATA[admin]]>
              </value>
            </param>
          </params>
          <reporter-output>
          </reporter-output>
        </test-method> <!-- invalidLoginPage -->
        <test-method is-config="true" signature="CloseBrowser()[pri:0, instance:testClassPkg.TestLoginPage@7e057f43]" started-at="2023-07-25T13:10:49 IST" name="CloseBrowser" finished-at="2023-07-25T13:10:50 IST" duration-ms="1118" status="PASS">
          <reporter-output>
          </reporter-output>
        </test-method> <!-- CloseBrowser -->
      </class> <!-- testClassPkg.TestLoginPage -->
    </test> <!-- Default test -->
  </suite> <!-- Default suite -->
</testng-results>
